<?xml version="1.0" encoding="UTF-8"?>
<testng-results skipped="0" failed="0" ignored="0" total="2" passed="2">
  <reporter-output>
  </reporter-output>
  <suite name="Default suite" duration-ms="246899" started-at="2021-05-06T05:15:34Z" finished-at="2021-05-06T05:19:41Z">
    <groups>
      <group name="regressionTest">
        <method signature="TC_18_CreateOpportunityWithSalesStageProposalOrPriceQuote_Test.createOpportunity_03()[pri:0, instance:com.crm.vtiger.opportunity.TestCases.TC_18_CreateOpportunityWithSalesStageProposalOrPriceQuote_Test@754ba872]" name="createOpportunity_03" class="com.crm.vtiger.opportunity.TestCases.TC_18_CreateOpportunityWithSalesStageProposalOrPriceQuote_Test"/>
      </group> <!-- regressionTest -->
      <group name="smokeTest">
        <method signature="TC_18_CreateOpportunityWithSalesStageProposalOrPriceQuote_Test.A_createOrganization()[pri:0, instance:com.crm.vtiger.opportunity.TestCases.TC_18_CreateOpportunityWithSalesStageProposalOrPriceQuote_Test@754ba872]" name="A_createOrganization" class="com.crm.vtiger.opportunity.TestCases.TC_18_CreateOpportunityWithSalesStageProposalOrPriceQuote_Test"/>
      </group> <!-- smokeTest -->
    </groups>
    <test name="Default test" duration-ms="246899" started-at="2021-05-06T05:15:34Z" finished-at="2021-05-06T05:19:41Z">
      <class name="com.crm.vtiger.opportunity.TestCases.TC_18_CreateOpportunityWithSalesStageProposalOrPriceQuote_Test">
        <test-method status="PASS" signature="configBeforSuite()[pri:0, instance:com.crm.vtiger.opportunity.TestCases.TC_18_CreateOpportunityWithSalesStageProposalOrPriceQuote_Test@754ba872]" name="configBeforSuite" is-config="true" duration-ms="34" started-at="2021-05-06T10:45:34Z" finished-at="2021-05-06T10:45:34Z">
          <reporter-output>
          </reporter-output>
        </test-method> <!-- configBeforSuite -->
        <test-method status="PASS" signature="configBeforTest()[pri:0, instance:com.crm.vtiger.opportunity.TestCases.TC_18_CreateOpportunityWithSalesStageProposalOrPriceQuote_Test@754ba872]" name="configBeforTest" is-config="true" duration-ms="0" started-at="2021-05-06T10:45:34Z" finished-at="2021-05-06T10:45:34Z">
          <reporter-output>
          </reporter-output>
        </test-method> <!-- configBeforTest -->
        <test-method status="PASS" signature="configBeforeClass()[pri:0, instance:com.crm.vtiger.opportunity.TestCases.TC_18_CreateOpportunityWithSalesStageProposalOrPriceQuote_Test@754ba872]" name="configBeforeClass" is-config="true" duration-ms="32835" started-at="2021-05-06T10:45:34Z" finished-at="2021-05-06T10:46:07Z">
          <reporter-output>
          </reporter-output>
        </test-method> <!-- configBeforeClass -->
        <test-method status="PASS" signature="setUp()[pri:0, instance:com.crm.vtiger.opportunity.TestCases.TC_18_CreateOpportunityWithSalesStageProposalOrPriceQuote_Test@754ba872]" name="setUp" is-config="true" duration-ms="29064" started-at="2021-05-06T10:46:07Z" finished-at="2021-05-06T10:46:36Z">
          <reporter-output>
          </reporter-output>
        </test-method> <!-- setUp -->
        <test-method status="PASS" signature="A_createOrganization()[pri:0, instance:com.crm.vtiger.opportunity.TestCases.TC_18_CreateOpportunityWithSalesStageProposalOrPriceQuote_Test@754ba872]" name="A_createOrganization" duration-ms="126795" started-at="2021-05-06T10:46:36Z" finished-at="2021-05-06T10:48:43Z">
          <reporter-output>
          </reporter-output>
        </test-method> <!-- A_createOrganization -->
        <test-method status="PASS" signature="tearDown()[pri:0, instance:com.crm.vtiger.opportunity.TestCases.TC_18_CreateOpportunityWithSalesStageProposalOrPriceQuote_Test@754ba872]" name="tearDown" is-config="true" duration-ms="5291" started-at="2021-05-06T10:48:43Z" finished-at="2021-05-06T10:48:48Z">
          <reporter-output>
          </reporter-output>
        </test-method> <!-- tearDown -->
        <test-method status="PASS" signature="setUp()[pri:0, instance:com.crm.vtiger.opportunity.TestCases.TC_18_CreateOpportunityWithSalesStageProposalOrPriceQuote_Test@754ba872]" name="setUp" is-config="true" duration-ms="6703" started-at="2021-05-06T10:48:48Z" finished-at="2021-05-06T10:48:55Z">
          <reporter-output>
          </reporter-output>
        </test-method> <!-- setUp -->
        <test-method status="PASS" signature="createOpportunity_03()[pri:0, instance:com.crm.vtiger.opportunity.TestCases.TC_18_CreateOpportunityWithSalesStageProposalOrPriceQuote_Test@754ba872]" name="createOpportunity_03" duration-ms="38231" started-at="2021-05-06T10:48:55Z" finished-at="2021-05-06T10:49:33Z">
          <reporter-output>
          </reporter-output>
        </test-method> <!-- createOpportunity_03 -->
        <test-method status="PASS" signature="tearDown()[pri:0, instance:com.crm.vtiger.opportunity.TestCases.TC_18_CreateOpportunityWithSalesStageProposalOrPriceQuote_Test@754ba872]" name="tearDown" is-config="true" duration-ms="3285" started-at="2021-05-06T10:49:33Z" finished-at="2021-05-06T10:49:37Z">
          <reporter-output>
          </reporter-output>
        </test-method> <!-- tearDown -->
        <test-method status="PASS" signature="configAfterClass()[pri:0, instance:com.crm.vtiger.opportunity.TestCases.TC_18_CreateOpportunityWithSalesStageProposalOrPriceQuote_Test@754ba872]" name="configAfterClass" is-config="true" duration-ms="4545" started-at="2021-05-06T10:49:37Z" finished-at="2021-05-06T10:49:41Z">
          <reporter-output>
          </reporter-output>
        </test-method> <!-- configAfterClass -->
        <test-method status="PASS" signature="configAfterTest()[pri:0, instance:com.crm.vtiger.opportunity.TestCases.TC_18_CreateOpportunityWithSalesStageProposalOrPriceQuote_Test@754ba872]" name="configAfterTest" is-config="true" duration-ms="1" started-at="2021-05-06T10:49:41Z" finished-at="2021-05-06T10:49:41Z">
          <reporter-output>
          </reporter-output>
        </test-method> <!-- configAfterTest -->
        <test-method status="PASS" signature="configAfterSuite()[pri:0, instance:com.crm.vtiger.opportunity.TestCases.TC_18_CreateOpportunityWithSalesStageProposalOrPriceQuote_Test@754ba872]" name="configAfterSuite" is-config="true" duration-ms="1" started-at="2021-05-06T10:49:42Z" finished-at="2021-05-06T10:49:42Z">
          <reporter-output>
          </reporter-output>
        </test-method> <!-- configAfterSuite -->
      </class> <!-- com.crm.vtiger.opportunity.TestCases.TC_18_CreateOpportunityWithSalesStageProposalOrPriceQuote_Test -->
    </test> <!-- Default test -->
  </suite> <!-- Default suite -->
</testng-results>
