<?xml version="1.0" encoding="UTF-8"?>
<!-- Generated by org.testng.reporters.JUnitXMLReporter -->
<testsuite hostname="LAPTOP-J97AL63E" ignored="16" name="Test" tests="10" failures="0" timestamp="04 May 2021 08:57:41 GMT" time="89.873" errors="0">
  <testcase name="@BeforeMethod setUp" time="0.0" classname="com.crm.vtiger.generics.BaseClass">
    <failure type="org.openqa.selenium.NoSuchSessionException" message="Session ID is null. Using WebDriver after calling quit()?
Build info: version: &amp;apos;3.141.59&amp;apos;, revision: &amp;apos;e82be7d358&amp;apos;, time: &amp;apos;2018-11-14T08:17:03&amp;apos;
System info: host: &amp;apos;LAPTOP-J97AL63E&amp;apos;, ip: &amp;apos;192.168.180.1&amp;apos;, os.name: &amp;apos;Windows 10&amp;apos;, os.arch: &amp;apos;amd64&amp;apos;, os.version: &amp;apos;10.0&amp;apos;, java.version: &amp;apos;1.8.0_281&amp;apos;
Driver info: driver.version: RemoteWebDriver">
      <![CDATA[org.openqa.selenium.NoSuchSessionException: Session ID is null. Using WebDriver after calling quit()?
Build info: version: '3.141.59', revision: 'e82be7d358', time: '2018-11-14T08:17:03'
System info: host: 'LAPTOP-J97AL63E', ip: '192.168.180.1', os.name: 'Windows 10', os.arch: 'amd64', os.version: '10.0', java.version: '1.8.0_281'
Driver info: driver.version: RemoteWebDriver
	at org.openqa.selenium.remote.HttpCommandExecutor.execute(HttpCommandExecutor.java:125)
	at org.openqa.selenium.remote.service.DriverCommandExecutor.execute(DriverCommandExecutor.java:83)
	at org.openqa.selenium.remote.RemoteWebDriver.execute(RemoteWebDriver.java:552)
	at org.openqa.selenium.remote.RemoteWebDriver.get(RemoteWebDriver.java:277)
	at com.crm.vtiger.generics.BaseClass.setUp(BaseClass.java:74)
... Removed 27 stack frames]]>
    </failure>
  </testcase> <!-- @BeforeMethod setUp -->
  <testcase name="@AfterMethod configAfterClass" time="0.0" classname="com.crm.vtiger.generics.BaseClass">
    <skipped/>
  </testcase> <!-- @AfterMethod configAfterClass -->
  <testcase name="@AfterClass configAfterClass" time="0.0" classname="com.crm.vtiger.generics.BaseClass">
    <skipped/>
  </testcase> <!-- @AfterClass configAfterClass -->
  <testcase name="@BeforeClass configBeforeClass" time="0.0" classname="com.crm.vtiger.generics.BaseClass">
    <skipped/>
  </testcase> <!-- @BeforeClass configBeforeClass -->
  <testcase name="@BeforeMethod setUp" time="0.0" classname="com.crm.vtiger.generics.BaseClass">
    <skipped/>
  </testcase> <!-- @BeforeMethod setUp -->
  <testcase name="@AfterMethod configAfterClass" time="0.0" classname="com.crm.vtiger.generics.BaseClass">
    <skipped/>
  </testcase> <!-- @AfterMethod configAfterClass -->
  <testcase name="@BeforeMethod setUp" time="0.0" classname="com.crm.vtiger.generics.BaseClass">
    <skipped/>
  </testcase> <!-- @BeforeMethod setUp -->
  <testcase name="@AfterMethod configAfterClass" time="0.0" classname="com.crm.vtiger.generics.BaseClass">
    <skipped/>
  </testcase> <!-- @AfterMethod configAfterClass -->
  <testcase name="@AfterClass configAfterClass" time="0.0" classname="com.crm.vtiger.generics.BaseClass">
    <skipped/>
  </testcase> <!-- @AfterClass configAfterClass -->
  <testcase name="@BeforeClass configBeforeClass" time="0.0" classname="com.crm.vtiger.generics.BaseClass">
    <skipped/>
  </testcase> <!-- @BeforeClass configBeforeClass -->
  <testcase name="@BeforeMethod setUp" time="0.0" classname="com.crm.vtiger.generics.BaseClass">
    <skipped/>
  </testcase> <!-- @BeforeMethod setUp -->
  <testcase name="@AfterMethod configAfterClass" time="0.0" classname="com.crm.vtiger.generics.BaseClass">
    <skipped/>
  </testcase> <!-- @AfterMethod configAfterClass -->
  <testcase name="@BeforeMethod setUp" time="0.0" classname="com.crm.vtiger.generics.BaseClass">
    <skipped/>
  </testcase> <!-- @BeforeMethod setUp -->
  <testcase name="@AfterMethod configAfterClass" time="0.0" classname="com.crm.vtiger.generics.BaseClass">
    <skipped/>
  </testcase> <!-- @AfterMethod configAfterClass -->
  <testcase name="@AfterClass configAfterClass" time="0.0" classname="com.crm.vtiger.generics.BaseClass">
    <skipped/>
  </testcase> <!-- @AfterClass configAfterClass -->
  <testcase name="@BeforeClass configBeforeClass" time="0.0" classname="com.crm.vtiger.generics.BaseClass">
    <skipped/>
  </testcase> <!-- @BeforeClass configBeforeClass -->
  <testcase name="@BeforeMethod setUp" time="0.0" classname="com.crm.vtiger.generics.BaseClass">
    <skipped/>
  </testcase> <!-- @BeforeMethod setUp -->
  <testcase name="@AfterMethod configAfterClass" time="0.0" classname="com.crm.vtiger.generics.BaseClass">
    <skipped/>
  </testcase> <!-- @AfterMethod configAfterClass -->
  <testcase name="@BeforeMethod setUp" time="0.0" classname="com.crm.vtiger.generics.BaseClass">
    <skipped/>
  </testcase> <!-- @BeforeMethod setUp -->
  <testcase name="@AfterMethod configAfterClass" time="0.0" classname="com.crm.vtiger.generics.BaseClass">
    <skipped/>
  </testcase> <!-- @AfterMethod configAfterClass -->
  <testcase name="@AfterClass configAfterClass" time="0.0" classname="com.crm.vtiger.generics.BaseClass">
    <skipped/>
  </testcase> <!-- @AfterClass configAfterClass -->
  <testcase name="@BeforeClass configBeforeClass" time="0.0" classname="com.crm.vtiger.generics.BaseClass">
    <skipped/>
  </testcase> <!-- @BeforeClass configBeforeClass -->
  <testcase name="@BeforeMethod setUp" time="0.0" classname="com.crm.vtiger.generics.BaseClass">
    <skipped/>
  </testcase> <!-- @BeforeMethod setUp -->
  <testcase name="@AfterMethod configAfterClass" time="0.0" classname="com.crm.vtiger.generics.BaseClass">
    <skipped/>
  </testcase> <!-- @AfterMethod configAfterClass -->
  <testcase name="@BeforeMethod setUp" time="0.0" classname="com.crm.vtiger.generics.BaseClass">
    <skipped/>
  </testcase> <!-- @BeforeMethod setUp -->
  <testcase name="@AfterMethod configAfterClass" time="0.0" classname="com.crm.vtiger.generics.BaseClass">
    <skipped/>
  </testcase> <!-- @AfterMethod configAfterClass -->
  <testcase name="@AfterClass configAfterClass" time="0.0" classname="com.crm.vtiger.generics.BaseClass">
    <skipped/>
  </testcase> <!-- @AfterClass configAfterClass -->
  <testcase name="@AfterTest configAfterTest" time="0.0" classname="com.crm.vtiger.generics.BaseClass">
    <skipped/>
  </testcase> <!-- @AfterTest configAfterTest -->
  <testcase name="createOpportunity_05" time="68.923" classname="com.crm.vtiger.opportunity.TestCases.TC_20_CreateOpportunityWithSalesStageClosedWon_Test"/>
  <testcase name="tc_A_createOrganization" time="0.016" classname="com.crm.vtiger.opportunity.TestCases.TC_20_CreateOpportunityWithSalesStageClosedWon_Test">
    <skipped/>
  </testcase> <!-- tc_A_createOrganization -->
  <testcase name="createOpportunity_02" time="0.0" classname="com.crm.vtiger.opportunity.TestCases.TC_17_CreateOpportunityWithSalesStagePerceptionAnalysis_Test">
    <skipped/>
  </testcase> <!-- createOpportunity_02 -->
  <testcase name="tc_A_createOrganization" time="0.0" classname="com.crm.vtiger.opportunity.TestCases.TC_17_CreateOpportunityWithSalesStagePerceptionAnalysis_Test">
    <skipped/>
  </testcase> <!-- tc_A_createOrganization -->
  <testcase name="createOpportunity_03" time="0.0" classname="com.crm.vtiger.opportunity.TestCases.TC_18_CreateOpportunityWithSalesStageProposalOrPriceQuote_Test">
    <skipped/>
  </testcase> <!-- createOpportunity_03 -->
  <testcase name="tc_A_createOrganization" time="0.0" classname="com.crm.vtiger.opportunity.TestCases.TC_18_CreateOpportunityWithSalesStageProposalOrPriceQuote_Test">
    <skipped/>
  </testcase> <!-- tc_A_createOrganization -->
  <testcase name="createOpportunity_04" time="0.0" classname="com.crm.vtiger.opportunity.TestCases.TC_19_CreateOpportunityWithSalesStageNavigationOrReview_Test">
    <skipped/>
  </testcase> <!-- createOpportunity_04 -->
  <testcase name="tc_A_createOrganization" time="0.0" classname="com.crm.vtiger.opportunity.TestCases.TC_19_CreateOpportunityWithSalesStageNavigationOrReview_Test">
    <skipped/>
  </testcase> <!-- tc_A_createOrganization -->
  <testcase name="tc_A_createOrganization" time="0.016" classname="com.crm.vtiger.opportunity.TestCases.TC_16_CreateOpportunityWithSalesStageIdDecisionMakers_Test">
    <skipped/>
  </testcase> <!-- tc_A_createOrganization -->
  <testcase name="tc_B_createOpportunity" time="0.0" classname="com.crm.vtiger.opportunity.TestCases.TC_16_CreateOpportunityWithSalesStageIdDecisionMakers_Test">
    <skipped/>
  </testcase> <!-- tc_B_createOpportunity -->
  <testcase name="@AfterSuite configAfterSuite" time="0.0" classname="com.crm.vtiger.generics.BaseClass">
    <ignored/>
  </testcase> <!-- @AfterSuite configAfterSuite -->
  <testcase name="@AfterSuite configAfterSuite" time="0.0" classname="com.crm.vtiger.generics.BaseClass">
    <ignored/>
  </testcase> <!-- @AfterSuite configAfterSuite -->
  <testcase name="@AfterSuite configAfterSuite" time="0.0" classname="com.crm.vtiger.generics.BaseClass">
    <ignored/>
  </testcase> <!-- @AfterSuite configAfterSuite -->
  <testcase name="@AfterSuite configAfterSuite" time="0.0" classname="com.crm.vtiger.generics.BaseClass">
    <ignored/>
  </testcase> <!-- @AfterSuite configAfterSuite -->
  <testcase name="@BeforeTest configBeforTest" time="0.0" classname="com.crm.vtiger.generics.BaseClass">
    <ignored/>
  </testcase> <!-- @BeforeTest configBeforTest -->
  <testcase name="@BeforeTest configBeforTest" time="0.0" classname="com.crm.vtiger.generics.BaseClass">
    <ignored/>
  </testcase> <!-- @BeforeTest configBeforTest -->
  <testcase name="@BeforeTest configBeforTest" time="0.0" classname="com.crm.vtiger.generics.BaseClass">
    <ignored/>
  </testcase> <!-- @BeforeTest configBeforTest -->
  <testcase name="@BeforeTest configBeforTest" time="0.0" classname="com.crm.vtiger.generics.BaseClass">
    <ignored/>
  </testcase> <!-- @BeforeTest configBeforTest -->
  <testcase name="@AfterTest configAfterTest" time="0.0" classname="com.crm.vtiger.generics.BaseClass">
    <ignored/>
  </testcase> <!-- @AfterTest configAfterTest -->
  <testcase name="@AfterTest configAfterTest" time="0.0" classname="com.crm.vtiger.generics.BaseClass">
    <ignored/>
  </testcase> <!-- @AfterTest configAfterTest -->
  <testcase name="@AfterTest configAfterTest" time="0.0" classname="com.crm.vtiger.generics.BaseClass">
    <ignored/>
  </testcase> <!-- @AfterTest configAfterTest -->
  <testcase name="@AfterTest configAfterTest" time="0.0" classname="com.crm.vtiger.generics.BaseClass">
    <ignored/>
  </testcase> <!-- @AfterTest configAfterTest -->
  <testcase name="@BeforeSuite configBeforSuite" time="0.0" classname="com.crm.vtiger.generics.BaseClass">
    <ignored/>
  </testcase> <!-- @BeforeSuite configBeforSuite -->
  <testcase name="@BeforeSuite configBeforSuite" time="0.0" classname="com.crm.vtiger.generics.BaseClass">
    <ignored/>
  </testcase> <!-- @BeforeSuite configBeforSuite -->
  <testcase name="@BeforeSuite configBeforSuite" time="0.0" classname="com.crm.vtiger.generics.BaseClass">
    <ignored/>
  </testcase> <!-- @BeforeSuite configBeforSuite -->
  <testcase name="@BeforeSuite configBeforSuite" time="0.0" classname="com.crm.vtiger.generics.BaseClass">
    <ignored/>
  </testcase> <!-- @BeforeSuite configBeforSuite -->
</testsuite> <!-- Test -->
