<?xml version="1.0" encoding="UTF-8"?>
<!-- Generated by org.testng.reporters.JUnitXMLReporter -->
<testsuite hostname="LAPTOP-J97AL63E" ignored="0" name="Default test" tests="2" failures="0" timestamp="06 May 2021 05:19:41 GMT" time="246.899" errors="0">
  <testcase name="A_createOrganization" time="126.795" classname="com.crm.vtiger.opportunity.TestCases.TC_18_CreateOpportunityWithSalesStageProposalOrPriceQuote_Test"/>
  <testcase name="createOpportunity_03" time="38.231" classname="com.crm.vtiger.opportunity.TestCases.TC_18_CreateOpportunityWithSalesStageProposalOrPriceQuote_Test"/>
</testsuite> <!-- Default test -->
